
################################################################################
#
# This file has been generated by SpyGlass:
#     Report Name      : spyglass_violations
#     Report Created by: b11043
#     Report Created on:  Sat Nov  1 21:11:05 2025
#     Working Directory: /home/raid7_2/userb11/b11043/CVSD/hw3/01_RTL
#     SpyGlass Version : SpyGlass_vT-2022.06
#     Policy Name      : SpyGlass(SpyGlass_vT-2022.06)
#                        clock-reset(SpyGlass_vT-2022.06)
#                        erc(SpyGlass_vT-2022.06)
#                        latch(SpyGlass_vT-2022.06)
#                        lint(SpyGlass_vT-2022.06)
#                        morelint(SpyGlass_vT-2022.06)
#                        openmore(SpyGlass_vT-2022.06)
#                        power_est(SpyGlass_vT-2022.06)
#                        simulation(SpyGlass_vT-2022.06)
#                        starc(SpyGlass_vT-2022.06)
#                        starc2005(SpyGlass_vT-2022.06)
#                        txv(SpyGlass_vT-2022.06)
#
#     Total Number of Generated Messages :        201
#     Number of Waived Messages          :          0
#     Number of Info Messages            :          1
#     Number of Reported Messages        :        200
#     Number of Overlimit Messages       :          0
#
#
################################################################################

+++++++++++++++++++++++++++++++++++++++++++++++++++++++++++++++++++++++
SPYGLASS_VIOLATIONS REPORT:
############### FATAL MESSAGES ############### 
+++++++++++++++++++++++++++++++++++++++++++++++++++++++++++++++++++++++++++++++++
ID       Rule          SEV_CLASS    Severity    File       Line    Wt      Message
======================================================================================
[0]      STX_VE_479    FATAL        Syntax      core.sv    30      1000    Syntax error near ( logic ). Please use 'set_option enableSV yes' to support SystemVerilog construct ( logic )
[1]      STX_VE_481    FATAL        Syntax      core.sv    44      1000    Syntax error near ( , )
[2]      STX_VE_481    FATAL        Syntax      core.sv    47      1000    Syntax error near ( imem_rdata )
[3]      STX_VE_481    FATAL        Syntax      core.sv    48      1000    Syntax error near ( imem_wdata )
[4]      STX_VE_481    FATAL        Syntax      core.sv    49      1000    Syntax error near ( imem_addr )
[5]      STX_VE_481    FATAL        Syntax      core.sv    50      1000    Syntax error near ( ; )
[6]      STX_VE_481    FATAL        Syntax      core.sv    51      1000    Syntax error near ( ; )
[7]      STX_VE_481    FATAL        Syntax      core.sv    54      1000    Syntax error near ( loader_wdata_r )
[8]      STX_VE_481    FATAL        Syntax      core.sv    55      1000    Syntax error near ( loader_addr_r )
[9]      STX_VE_481    FATAL        Syntax      core.sv    56      1000    Syntax error near ( , )
[A]      STX_VE_481    FATAL        Syntax      core.sv    57      1000    Syntax error near ( , )
[B]      STX_VE_481    FATAL        Syntax      core.sv    60      1000    Syntax error near ( barcode_addr )
[C]      STX_VE_481    FATAL        Syntax      core.sv    61      1000    Syntax error near ( ; )
[D]      STX_VE_481    FATAL        Syntax      core.sv    64      1000    Syntax error near ( conv_addr )
[E]      STX_VE_481    FATAL        Syntax      core.sv    65      1000    Syntax error near ( ; )
[F]      STX_VE_481    FATAL        Syntax      core.sv    68      1000    Syntax error near ( , )
[10]     STX_VE_481    FATAL        Syntax      core.sv    69      1000    Syntax error near ( word_counter_r )
[11]     STX_VE_481    FATAL        Syntax      core.sv    70      1000    Syntax error near ( pixel_counter_r )
[12]     STX_VE_481    FATAL        Syntax      core.sv    71      1000    Syntax error near ( img_data_r )
[13]     STX_VE_481    FATAL        Syntax      core.sv    74      1000    Syntax error near ( , )
[14]     STX_VE_481    FATAL        Syntax      core.sv    75      1000    Syntax error near ( barcode_stride )
[15]     STX_VE_481    FATAL        Syntax      core.sv    76      1000    Syntax error near ( , )
[16]     STX_VE_481    FATAL        Syntax      core.sv    79      1000    Syntax error near ( out_data1_r )
[17]     STX_VE_481    FATAL        Syntax      core.sv    80      1000    Syntax error near ( out_data1_w )
[18]     STX_VE_481    FATAL        Syntax      core.sv    81      1000    Syntax error near ( out_addr1_r )
[19]     STX_VE_481    FATAL        Syntax      core.sv    82      1000    Syntax error near ( out_addr1_w )
[1A]     STX_VE_481    FATAL        Syntax      core.sv    83      1000    Syntax error near ( , )
[1B]     STX_VE_481    FATAL        Syntax      core.sv    84      1000    Syntax error near ( , )
[1C]     STX_VE_481    FATAL        Syntax      core.sv    87      1000    Syntax error near ( stride_r )
[1D]     STX_VE_481    FATAL        Syntax      core.sv    88      1000    Syntax error near ( dilation_r )
[1E]     STX_VE_481    FATAL        Syntax      core.sv    89      1000    Syntax error near ( w_count_r )
[1F]     STX_VE_481    FATAL        Syntax      core.sv    90      1000    Syntax error near ( weight_r )
[20]     STX_VE_481    FATAL        Syntax      core.sv    91      1000    Syntax error near ( , )
[21]     STX_VE_481    FATAL        Syntax      core.sv    92      1000    Syntax error near ( , )
[22]     STX_VE_481    FATAL        Syntax      core.sv    93      1000    Syntax error near ( conv_data )
[23]     STX_VE_606    FATAL        Syntax      core.sv    151     1000    Identifier ( loader_addr_w ) not declared in current scope
[24]     STX_VE_606    FATAL        Syntax      core.sv    152     1000    Identifier ( loader_cen_w ) not declared in current scope
[25]     STX_VE_606    FATAL        Syntax      core.sv    153     1000    Identifier ( loader_wen_w ) not declared in current scope
[26]     STX_VE_606    FATAL        Syntax      core.sv    154     1000    Identifier ( loader_wdata_w ) not declared in current scope
[27]     STX_VE_606    FATAL        Syntax      core.sv    162     1000    Identifier ( in_ready_r ) not declared in current scope
[28]     STX_VE_606    FATAL        Syntax      core.sv    164     1000    Identifier ( out_data1_r ) not declared in current scope
[29]     STX_VE_606    FATAL        Syntax      core.sv    165     1000    Identifier ( out_data2_r ) not declared in current scope
[2A]     STX_VE_606    FATAL        Syntax      core.sv    166     1000    Identifier ( out_data3_r ) not declared in current scope
[2B]     STX_VE_606    FATAL        Syntax      core.sv    167     1000    Identifier ( out_data4_r ) not declared in current scope
[2C]     STX_VE_606    FATAL        Syntax      core.sv    169     1000    Identifier ( out_addr1_r ) not declared in current scope
[2D]     STX_VE_606    FATAL        Syntax      core.sv    170     1000    Identifier ( out_addr2_r ) not declared in current scope
[2E]     STX_VE_606    FATAL        Syntax      core.sv    171     1000    Identifier ( out_addr3_r ) not declared in current scope
[2F]     STX_VE_606    FATAL        Syntax      core.sv    172     1000    Identifier ( out_addr4_r ) not declared in current scope
[30]     STX_VE_606    FATAL        Syntax      core.sv    174     1000    Identifier ( out_valid1_r ) not declared in current scope
[31]     STX_VE_606    FATAL        Syntax      core.sv    175     1000    Identifier ( out_valid2_r ) not declared in current scope
[32]     STX_VE_606    FATAL        Syntax      core.sv    176     1000    Identifier ( out_valid3_r ) not declared in current scope
[33]     STX_VE_606    FATAL        Syntax      core.sv    177     1000    Identifier ( out_valid4_r ) not declared in current scope
[34]     STX_VE_606    FATAL        Syntax      core.sv    179     1000    Identifier ( state_r ) not declared in current scope
[35]     STX_VE_606    FATAL        Syntax      core.sv    179     1000    Identifier ( S_DONE ) not declared in current scope
[36]     STX_VE_606    FATAL        Syntax      core.sv    185     1000    Identifier ( state_w ) not declared in current scope
[37]     STX_VE_606    FATAL        Syntax      core.sv    185     1000    Identifier ( state_r ) not declared in current scope
[38]     STX_VE_606    FATAL        Syntax      core.sv    186     1000    Identifier ( state_r ) not declared in current scope
[39]     STX_VE_606    FATAL        Syntax      core.sv    187     1000    Identifier ( S_IDLE ) not declared in current scope
[3A]     STX_VE_606    FATAL        Syntax      core.sv    188     1000    Identifier ( state_w ) not declared in current scope
[3B]     STX_VE_606    FATAL        Syntax      core.sv    188     1000    Identifier ( S_READ_IMG ) not declared in current scope
[3C]     STX_VE_606    FATAL        Syntax      core.sv    190     1000    Identifier ( S_READ_IMG ) not declared in current scope
[3D]     STX_VE_606    FATAL        Syntax      core.sv    192     1000    Identifier ( state_w ) not declared in current scope
[3E]     STX_VE_606    FATAL        Syntax      core.sv    192     1000    Identifier ( S_BARCODE ) not declared in current scope
[3F]     STX_VE_606    FATAL        Syntax      core.sv    195     1000    Identifier ( S_BARCODE ) not declared in current scope
[40]     STX_VE_606    FATAL        Syntax      core.sv    197     1000    Identifier ( state_w ) not declared in current scope
[41]     STX_VE_606    FATAL        Syntax      core.sv    197     1000    Identifier ( S_READ_WEIGHT ) not declared in current scope
[42]     STX_VE_606    FATAL        Syntax      core.sv    200     1000    Identifier ( S_READ_WEIGHT ) not declared in current scope
[43]     STX_VE_606    FATAL        Syntax      core.sv    202     1000    Identifier ( state_w ) not declared in current scope
[44]     STX_VE_606    FATAL        Syntax      core.sv    202     1000    Identifier ( S_CONV ) not declared in current scope
[45]     STX_VE_606    FATAL        Syntax      core.sv    205     1000    Identifier ( S_CONV ) not declared in current scope
[46]     STX_VE_606    FATAL        Syntax      core.sv    207     1000    Identifier ( state_w ) not declared in current scope
[47]     STX_VE_606    FATAL        Syntax      core.sv    207     1000    Identifier ( S_DONE ) not declared in current scope
[48]     STX_VE_606    FATAL        Syntax      core.sv    215     1000    Identifier ( state_r ) not declared in current scope
[49]     STX_VE_606    FATAL        Syntax      core.sv    215     1000    Identifier ( S_IDLE ) not declared in current scope
[4A]     STX_VE_606    FATAL        Syntax      core.sv    218     1000    Identifier ( state_r ) not declared in current scope
[4B]     STX_VE_606    FATAL        Syntax      core.sv    218     1000    Identifier ( state_w ) not declared in current scope
[4C]     STX_VE_606    FATAL        Syntax      core.sv    234     1000    Identifier ( state_r ) not declared in current scope
[4D]     STX_VE_606    FATAL        Syntax      core.sv    234     1000    Identifier ( S_READ_IMG ) not declared in current scope
[4E]     STX_VE_606    FATAL        Syntax      core.sv    236     1000    Identifier ( loader_addr_r ) not declared in current scope
[4F]     STX_VE_606    FATAL        Syntax      core.sv    237     1000    Identifier ( loader_cen_r ) not declared in current scope
[50]     STX_VE_606    FATAL        Syntax      core.sv    238     1000    Identifier ( loader_wen_r ) not declared in current scope
[51]     STX_VE_606    FATAL        Syntax      core.sv    239     1000    Identifier ( loader_wdata_r ) not declared in current scope
[52]     STX_VE_606    FATAL        Syntax      core.sv    240     1000    Identifier ( state_r ) not declared in current scope
[53]     STX_VE_606    FATAL        Syntax      core.sv    240     1000    Identifier ( S_BARCODE ) not declared in current scope
[54]     STX_VE_606    FATAL        Syntax      core.sv    246     1000    Identifier ( state_r ) not declared in current scope
[55]     STX_VE_606    FATAL        Syntax      core.sv    246     1000    Identifier ( S_CONV ) not declared in current scope
[56]     STX_VE_606    FATAL        Syntax      core.sv    258     1000    Identifier ( in_ready_w ) not declared in current scope
[57]     STX_VE_606    FATAL        Syntax      core.sv    259     1000    Identifier ( word_counter_w ) not declared in current scope
[58]     STX_VE_606    FATAL        Syntax      core.sv    259     1000    Identifier ( word_counter_r ) not declared in current scope
[59]     STX_VE_606    FATAL        Syntax      core.sv    260     1000    Identifier ( pixel_counter_w ) not declared in current scope
[5A]     STX_VE_606    FATAL        Syntax      core.sv    260     1000    Identifier ( pixel_counter_r ) not declared in current scope
[5B]     STX_VE_606    FATAL        Syntax      core.sv    262     1000    Identifier ( loader_addr_w ) not declared in current scope
[5C]     STX_VE_606    FATAL        Syntax      core.sv    262     1000    Identifier ( loader_addr_r ) not declared in current scope
[5D]     STX_VE_606    FATAL        Syntax      core.sv    263     1000    Identifier ( loader_cen_w ) not declared in current scope
[5E]     STX_VE_606    FATAL        Syntax      core.sv    264     1000    Identifier ( loader_wen_w ) not declared in current scope
[5F]     STX_VE_606    FATAL        Syntax      core.sv    265     1000    Identifier ( loader_wdata_w ) not declared in current scope
[60]     STX_VE_606    FATAL        Syntax      core.sv    267     1000    Identifier ( img_data_w ) not declared in current scope
[61]     STX_VE_606    FATAL        Syntax      core.sv    267     1000    Identifier ( img_data_r ) not declared in current scope
[62]     STX_VE_606    FATAL        Syntax      core.sv    269     1000    Identifier ( barcode_start_w ) not declared in current scope
[63]     STX_VE_606    FATAL        Syntax      core.sv    272     1000    Identifier ( state_r ) not declared in current scope
[64]     STX_VE_606    FATAL        Syntax      core.sv    272     1000    Identifier ( S_IDLE ) not declared in current scope
[65]     STX_VE_606    FATAL        Syntax      core.sv    273     1000    Identifier ( in_ready_w ) not declared in current scope
[66]     STX_VE_606    FATAL        Syntax      core.sv    274     1000    Identifier ( word_counter_w ) not declared in current scope
[67]     STX_VE_606    FATAL        Syntax      core.sv    275     1000    Identifier ( pixel_counter_w ) not declared in current scope
[68]     STX_VE_606    FATAL        Syntax      core.sv    278     1000    Identifier ( state_r ) not declared in current scope
[69]     STX_VE_606    FATAL        Syntax      core.sv    278     1000    Identifier ( S_READ_IMG ) not declared in current scope
[6A]     STX_VE_606    FATAL        Syntax      core.sv    279     1000    Identifier ( word_counter_r ) not declared in current scope
[6B]     STX_VE_606    FATAL        Syntax      core.sv    279     1000    Identifier ( pixel_counter_r ) not declared in current scope
[6C]     STX_VE_606    FATAL        Syntax      core.sv    281     1000    Identifier ( pixel_counter_w ) not declared in current scope
[6D]     STX_VE_606    FATAL        Syntax      core.sv    282     1000    Identifier ( word_counter_w ) not declared in current scope
[6E]     STX_VE_606    FATAL        Syntax      core.sv    283     1000    Identifier ( word_counter_r ) not declared in current scope
[6F]     STX_VE_606    FATAL        Syntax      core.sv    283     1000    Identifier ( pixel_counter_r ) not declared in current scope
[70]     STX_VE_606    FATAL        Syntax      core.sv    283     1000    Identifier ( pixel_counter_r ) not declared in current scope
[71]     STX_VE_606    FATAL        Syntax      core.sv    284     1000    Identifier ( barcode_start_w ) not declared in current scope
[72]     STX_VE_606    FATAL        Syntax      core.sv    287     1000    Identifier ( pixel_counter_r ) not declared in current scope
[73]     STX_VE_606    FATAL        Syntax      core.sv    289     1000    Identifier ( in_ready_w ) not declared in current scope
[74]     STX_VE_606    FATAL        Syntax      core.sv    290     1000    Identifier ( img_data_w ) not declared in current scope
[75]     STX_VE_606    FATAL        Syntax      core.sv    291     1000    Identifier ( loader_addr_w ) not declared in current scope
[76]     STX_VE_606    FATAL        Syntax      core.sv    291     1000    Identifier ( word_counter_r ) not declared in current scope
[77]     STX_VE_606    FATAL        Syntax      core.sv    291     1000    Identifier ( pixel_counter_r ) not declared in current scope
[78]     STX_VE_606    FATAL        Syntax      core.sv    292     1000    Identifier ( pixel_counter_w ) not declared in current scope
[79]     STX_VE_606    FATAL        Syntax      core.sv    292     1000    Identifier ( pixel_counter_r ) not declared in current scope
[7A]     STX_VE_606    FATAL        Syntax      core.sv    293     1000    Identifier ( loader_cen_w ) not declared in current scope
[7B]     STX_VE_606    FATAL        Syntax      core.sv    294     1000    Identifier ( loader_wen_w ) not declared in current scope
[7C]     STX_VE_606    FATAL        Syntax      core.sv    295     1000    Identifier ( loader_wdata_w ) not declared in current scope
[7D]     STX_VE_606    FATAL        Syntax      core.sv    297     1000    Identifier ( pixel_counter_r ) not declared in current scope
[7E]     STX_VE_606    FATAL        Syntax      core.sv    299     1000    Identifier ( in_ready_w ) not declared in current scope
[7F]     STX_VE_606    FATAL        Syntax      core.sv    300     1000    Identifier ( pixel_counter_w ) not declared in current scope
[80]     STX_VE_606    FATAL        Syntax      core.sv    301     1000    Identifier ( word_counter_w ) not declared in current scope
[81]     STX_VE_606    FATAL        Syntax      core.sv    301     1000    Identifier ( word_counter_r ) not declared in current scope
[82]     STX_VE_606    FATAL        Syntax      core.sv    302     1000    Identifier ( word_counter_r ) not declared in current scope
[83]     STX_VE_606    FATAL        Syntax      core.sv    302     1000    Identifier ( pixel_counter_r ) not declared in current scope
[84]     STX_VE_606    FATAL        Syntax      core.sv    302     1000    Identifier ( pixel_counter_r ) not declared in current scope
[85]     STX_VE_606    FATAL        Syntax      core.sv    306     1000    Identifier ( word_counter_r ) not declared in current scope
[86]     STX_VE_606    FATAL        Syntax      core.sv    306     1000    Identifier ( pixel_counter_r ) not declared in current scope
[87]     STX_VE_606    FATAL        Syntax      core.sv    306     1000    Identifier ( pixel_counter_r ) not declared in current scope
[88]     STX_VE_606    FATAL        Syntax      core.sv    307     1000    Identifier ( pixel_counter_w ) not declared in current scope
[89]     STX_VE_606    FATAL        Syntax      core.sv    307     1000    Identifier ( pixel_counter_r ) not declared in current scope
[8A]     STX_VE_606    FATAL        Syntax      core.sv    311     1000    Identifier ( state_r ) not declared in current scope
[8B]     STX_VE_606    FATAL        Syntax      core.sv    311     1000    Identifier ( S_READ_WEIGHT ) not declared in current scope
[8C]     STX_VE_606    FATAL        Syntax      core.sv    312     1000    Identifier ( in_ready_w ) not declared in current scope
[8D]     STX_VE_606    FATAL        Syntax      core.sv    320     1000    Identifier ( stride_w ) not declared in current scope
[8E]     STX_VE_606    FATAL        Syntax      core.sv    321     1000    Identifier ( dilation_w ) not declared in current scope
[8F]     STX_VE_606    FATAL        Syntax      core.sv    323     1000    Identifier ( out_data1_w ) not declared in current scope
[90]     STX_VE_606    FATAL        Syntax      core.sv    323     1000    Identifier ( out_data1_r ) not declared in current scope
[91]     STX_VE_606    FATAL        Syntax      core.sv    324     1000    Identifier ( out_data2_w ) not declared in current scope
[92]     STX_VE_606    FATAL        Syntax      core.sv    324     1000    Identifier ( out_data2_r ) not declared in current scope
[93]     STX_VE_606    FATAL        Syntax      core.sv    325     1000    Identifier ( out_data3_w ) not declared in current scope
[94]     STX_VE_606    FATAL        Syntax      core.sv    325     1000    Identifier ( out_data3_r ) not declared in current scope
[95]     STX_VE_606    FATAL        Syntax      core.sv    326     1000    Identifier ( out_data4_w ) not declared in current scope
[96]     STX_VE_606    FATAL        Syntax      core.sv    326     1000    Identifier ( out_data4_r ) not declared in current scope
[97]     STX_VE_606    FATAL        Syntax      core.sv    328     1000    Identifier ( out_addr1_w ) not declared in current scope
[98]     STX_VE_606    FATAL        Syntax      core.sv    328     1000    Identifier ( out_addr1_r ) not declared in current scope
[99]     STX_VE_606    FATAL        Syntax      core.sv    329     1000    Identifier ( out_addr2_w ) not declared in current scope
[9A]     STX_VE_606    FATAL        Syntax      core.sv    329     1000    Identifier ( out_addr2_r ) not declared in current scope
[9B]     STX_VE_606    FATAL        Syntax      core.sv    330     1000    Identifier ( out_addr3_w ) not declared in current scope
[9C]     STX_VE_606    FATAL        Syntax      core.sv    330     1000    Identifier ( out_addr3_r ) not declared in current scope
[9D]     STX_VE_606    FATAL        Syntax      core.sv    331     1000    Identifier ( out_addr4_w ) not declared in current scope
[9E]     STX_VE_606    FATAL        Syntax      core.sv    331     1000    Identifier ( out_addr4_r ) not declared in current scope
[9F]     STX_VE_606    FATAL        Syntax      core.sv    333     1000    Identifier ( out_valid1_w ) not declared in current scope
[A0]     STX_VE_606    FATAL        Syntax      core.sv    334     1000    Identifier ( out_valid2_w ) not declared in current scope
[A1]     STX_VE_606    FATAL        Syntax      core.sv    335     1000    Identifier ( out_valid3_w ) not declared in current scope
[A2]     STX_VE_606    FATAL        Syntax      core.sv    336     1000    Identifier ( out_valid4_w ) not declared in current scope
[A3]     STX_VE_606    FATAL        Syntax      core.sv    338     1000    Identifier ( state_r ) not declared in current scope
[A4]     STX_VE_606    FATAL        Syntax      core.sv    338     1000    Identifier ( S_BARCODE ) not declared in current scope
[A5]     STX_VE_606    FATAL        Syntax      core.sv    339     1000    Identifier ( stride_w ) not declared in current scope
[A6]     STX_VE_606    FATAL        Syntax      core.sv    340     1000    Identifier ( dilation_w ) not declared in current scope
[A7]     STX_VE_606    FATAL        Syntax      core.sv    341     1000    Identifier ( out_valid1_w ) not declared in current scope
[A8]     STX_VE_606    FATAL        Syntax      core.sv    342     1000    Identifier ( out_valid2_w ) not declared in current scope
[A9]     STX_VE_606    FATAL        Syntax      core.sv    343     1000    Identifier ( out_valid3_w ) not declared in current scope
[AA]     STX_VE_606    FATAL        Syntax      core.sv    345     1000    Identifier ( out_data1_w ) not declared in current scope
[AB]     STX_VE_606    FATAL        Syntax      core.sv    346     1000    Identifier ( out_data2_w ) not declared in current scope
[AC]     STX_VE_606    FATAL        Syntax      core.sv    347     1000    Identifier ( out_data3_w ) not declared in current scope
[AD]     STX_VE_606    FATAL        Syntax      core.sv    349     1000    Identifier ( out_data1_w ) not declared in current scope
[AE]     STX_VE_606    FATAL        Syntax      core.sv    350     1000    Identifier ( out_data2_w ) not declared in current scope
[AF]     STX_VE_606    FATAL        Syntax      core.sv    351     1000    Identifier ( out_data3_w ) not declared in current scope
[B0]     STX_VE_606    FATAL        Syntax      core.sv    353     1000    Identifier ( state_r ) not declared in current scope
[B1]     STX_VE_606    FATAL        Syntax      core.sv    353     1000    Identifier ( S_CONV ) not declared in current scope
[B2]     STX_VE_606    FATAL        Syntax      core.sv    356     1000    Identifier ( out_valid1_w ) not declared in current scope
[B3]     STX_VE_606    FATAL        Syntax      core.sv    357     1000    Identifier ( out_data1_w ) not declared in current scope
[B4]     STX_VE_606    FATAL        Syntax      core.sv    359     1000    Identifier ( out_valid1_r ) not declared in current scope
[B5]     STX_VE_606    FATAL        Syntax      core.sv    359     1000    Identifier ( out_addr1_r ) not declared in current scope
[B6]     STX_VE_606    FATAL        Syntax      core.sv    366     1000    Identifier ( weight_w ) not declared in current scope
[B7]     STX_VE_606    FATAL        Syntax      core.sv    367     1000    Identifier ( w_count_w ) not declared in current scope
[B8]     STX_VE_606    FATAL        Syntax      core.sv    368     1000    Identifier ( conv_start_w ) not declared in current scope
[B9]     STX_VE_606    FATAL        Syntax      core.sv    370     1000    Identifier ( state_r ) not declared in current scope
[BA]     STX_VE_606    FATAL        Syntax      core.sv    370     1000    Identifier ( S_READ_WEIGHT ) not declared in current scope
[BB]     STX_VE_606    FATAL        Syntax      core.sv    373     1000    Identifier ( w_count_w ) not declared in current scope
[BC]     STX_VE_606    FATAL        Syntax      core.sv    373     1000    Identifier ( w_count_r ) not declared in current scope
[BD]     STX_VE_606    FATAL        Syntax      core.sv    374     1000    Identifier ( w_count_r ) not declared in current scope
[BE]     STX_VE_606    FATAL        Syntax      core.sv    375     1000    Identifier ( weight_w ) not declared in current scope
[BF]     STX_VE_606    FATAL        Syntax      core.sv    376     1000    Identifier ( weight_w ) not declared in current scope
[C0]     STX_VE_606    FATAL        Syntax      core.sv    378     1000    Identifier ( weight_w ) not declared in current scope
[C1]     STX_VE_606    FATAL        Syntax      core.sv    379     1000    Identifier ( conv_start_w ) not declared in current scope
[C2]     STX_VE_606    FATAL        Syntax      core.sv    393     1000    Identifier ( state_r ) not declared in current scope
[C3]     STX_VE_606    FATAL        Syntax      core.sv    393     1000    Identifier ( S_IDLE ) not declared in current scope
[C4]     STX_VE_606    FATAL        Syntax      core.sv    395     1000    Identifier ( loader_wdata_r ) not declared in current scope
[C5]     STX_VE_606    FATAL        Syntax      core.sv    396     1000    Identifier ( loader_addr_r ) not declared in current scope
[C6]     STX_VE_606    FATAL        Syntax      core.sv    397     1000    Identifier ( loader_cen_r ) not declared in current scope
[C7]     STX_VE_606    FATAL        Syntax      core.sv    398     1000    Identifier ( loader_wen_r ) not declared in current scope
+++++++++++++++++++++++++++++++++++++++++++++++++++++++++++++++++++++++++++++++++++++++


############### BuiltIn -> RuleGroup=Design Read ###############
+++++++++++++++++++++++++++++++++++++++++++++++++++++++++++++++++++++++++++++++++++++++
ID       Rule         SEV_CLASS    Severity    File           Line    Wt      Message
======================================================================================
(N.A.)
+++++++++++++++++++++++++++++++++++++++++++++++++++++++++++++++++++++++++++++++++++++++
